<?xml version="1.0" encoding="UTF-8"?>
<!-- Generated by org.testng.reporters.JUnitReportReporter -->
<testsuite hostname="LAPTOP-UJM7Q4P1" failures="0" tests="3" name="testng.Example5_TestNGKeyword2_EnableFalse" time="0.015" errors="0" timestamp="2023-06-08T10:58:08 IST" skipped="1">
  <testcase classname="testng.Example5_TestNGKeyword2_EnableFalse" name="TC1" time="0.015"/>
  <system-out>
    <![CDATA[running TC1]]>
  </system-out>
  <testcase classname="testng.Example5_TestNGKeyword2_EnableFalse" name="TC2" time="0.000"/>
  <system-out>
    <![CDATA[running TC2]]>
  </system-out>
  <testcase classname="testng.Example5_TestNGKeyword2_EnableFalse" name="TC3">
    <skipped/>
  </testcase> <!-- TC3 -->
  <system-out/>
</testsuite> <!-- testng.Example5_TestNGKeyword2_EnableFalse -->
