<?xml version="1.0" encoding="UTF-8"?>
<!-- Generated by org.testng.reporters.JUnitReportReporter -->
<testsuite hostname="LAPTOP-UJM7Q4P1" failures="0" tests="5" name="testng.Example5_TestNGKeyword1_invocationCount" time="0.025" errors="0" timestamp="2023-06-08T10:48:14 IST" skipped="0">
  <testcase classname="testng.Example5_TestNGKeyword1_invocationCount" name="TC1" time="0.001"/>
  <system-out>
    <![CDATA[running TC1]]>
  </system-out>
  <testcase classname="testng.Example5_TestNGKeyword1_invocationCount" name="TC1" time="0.021"/>
  <system-out>
    <![CDATA[running TC1]]>
  </system-out>
  <testcase classname="testng.Example5_TestNGKeyword1_invocationCount" name="TC1" time="0.000"/>
  <system-out>
    <![CDATA[running TC1]]>
  </system-out>
  <testcase classname="testng.Example5_TestNGKeyword1_invocationCount" name="TC1" time="0.003"/>
  <system-out>
    <![CDATA[running TC1]]>
  </system-out>
  <testcase classname="testng.Example5_TestNGKeyword1_invocationCount" name="TC1" time="0.000"/>
  <system-out>
    <![CDATA[running TC1]]>
  </system-out>
</testsuite> <!-- testng.Example5_TestNGKeyword1_invocationCount -->
