<?xml version="1.0" encoding="UTF-8"?>
<!-- Generated by org.testng.reporters.JUnitReportReporter -->
<testsuite hostname="LAPTOP-UJM7Q4P1" failures="0" tests="4" name="testng.Example5_TestNGKeyword3_priority" time="0.038" errors="0" timestamp="2023-06-08T11:09:58 IST" skipped="0">
  <testcase classname="testng.Example5_TestNGKeyword3_priority" name="TC2" time="0.024"/>
  <system-out>
    <![CDATA[running TC2]]>
  </system-out>
  <testcase classname="testng.Example5_TestNGKeyword3_priority" name="TC3" time="0.000"/>
  <system-out>
    <![CDATA[running TC1]]>
  </system-out>
  <testcase classname="testng.Example5_TestNGKeyword3_priority" name="TC1" time="0.011"/>
  <system-out>
    <![CDATA[running TC3]]>
  </system-out>
  <testcase classname="testng.Example5_TestNGKeyword3_priority" name="TC4" time="0.003"/>
  <system-out>
    <![CDATA[running TC4]]>
  </system-out>
</testsuite> <!-- testng.Example5_TestNGKeyword3_priority -->
