<?xml version="1.0" encoding="UTF-8"?>
<!-- Generated by org.testng.reporters.JUnitReportReporter -->
<testsuite hostname="LAPTOP-UJM7Q4P1" failures="0" tests="2" name="testng.Example5_TestNGKeywords5_DependsOnMethod" time="0.011" errors="0" timestamp="2023-06-10T19:33:59 IST" skipped="0">
  <testcase classname="testng.Example5_TestNGKeywords5_DependsOnMethod" name="login" time="0.010"/>
  <system-out>
    <![CDATA[running login tc]]>
  </system-out>
  <testcase classname="testng.Example5_TestNGKeywords5_DependsOnMethod" name="logout" time="0.001"/>
  <system-out>
    <![CDATA[running logout tc]]>
  </system-out>
</testsuite> <!-- testng.Example5_TestNGKeywords5_DependsOnMethod -->
