<?xml version="1.0" encoding="UTF-8"?>
<!-- Generated by org.testng.reporters.JUnitReportReporter -->
<testsuite hostname="LAPTOP-UJM7Q4P1" failures="0" tests="1" name="testng.Example5_timeouts" time="3.034" errors="0" timestamp="2023-06-10T19:19:34 IST" skipped="0">
  <testcase classname="testng.Example5_timeouts" name="TC1" time="3.034"/>
  <system-out>
    <![CDATA[running TC1]]>
  </system-out>
</testsuite> <!-- testng.Example5_timeouts -->
