<?xml version="1.0" encoding="UTF-8"?>
<!-- Generated by org.testng.reporters.JUnitReportReporter -->
<testsuite hostname="LAPTOP-UJM7Q4P1" failures="0" tests="3" name="testng.Example5_dependsonmethod" time="0.015" errors="0" timestamp="2023-06-10T19:36:03 IST" skipped="0">
  <testcase classname="testng.Example5_dependsonmethod" name="login2" time="0.002"/>
  <system-out>
    <![CDATA[running login1]]>
  </system-out>
  <testcase classname="testng.Example5_dependsonmethod" name="logout" time="0.001"/>
  <system-out>
    <![CDATA[running logout tc]]>
  </system-out>
  <testcase classname="testng.Example5_dependsonmethod" name="login1" time="0.012"/>
  <system-out>
    <![CDATA[running login tc]]>
  </system-out>
</testsuite> <!-- testng.Example5_dependsonmethod -->
