<?xml version="1.0" encoding="UTF-8"?>
<!-- Generated by org.testng.reporters.JUnitReportReporter -->
<testsuite hostname="LAPTOP-UJM7Q4P1" failures="0" tests="2" name="testng.Example4_Annotations" time="0.009" errors="0" timestamp="2023-06-08T10:39:54 IST" skipped="0">
  <testcase classname="testng.Example4_Annotations" name="verifyFullName2" time="0.004"/>
  <system-out>
    <![CDATA[running verifyFullName TC]]>
  </system-out>
  <testcase classname="testng.Example4_Annotations" name="verifyFullName" time="0.005"/>
  <system-out>
    <![CDATA[running verifyFullName TC]]>
  </system-out>
</testsuite> <!-- testng.Example4_Annotations -->
