<?xml version="1.0" encoding="UTF-8"?>
<!-- Generated by org.testng.reporters.JUnitReportReporter -->
<testsuite hostname="LAPTOP-UJM7Q4P1" failures="0" tests="2" name="testng.Example3_EmailableReport" time="0.014" errors="0" timestamp="2023-06-08T10:19:16 IST" skipped="0">
  <testcase classname="testng.Example3_EmailableReport" name="TC2" time="0.002"/>
  <system-out/>
  <testcase classname="testng.Example3_EmailableReport" name="TC1" time="0.012"/>
  <system-out/>
</testsuite> <!-- testng.Example3_EmailableReport -->
